[0817/171224.781:ERROR:process_memory_win.cc(73)] ReadMemory at 0x1eaa65302e0 of 72 bytes failed: Only part of a ReadProcessMemory or WriteProcessMemory request was completed. (0x12B)
[0817/171224.900:WARNING:pe_image_annotations_reader.cc(134)] could not read annotations list object in C:\Program Files (x86)\Google\Chrome\Application\84.0.4147.125\chrome_elf.dll
[0817/171224.901:ERROR:process_memory_win.cc(73)] ReadMemory at 0x1eaa6577ec0 of 72 bytes failed: Only part of a ReadProcessMemory or WriteProcessMemory request was completed. (0x12B)
[0817/171224.901:WARNING:pe_image_annotations_reader.cc(134)] could not read annotations list object in C:\Program Files (x86)\Google\Chrome\Application\84.0.4147.125\chrome.dll
[0817/171224.904:ERROR:process_memory_win.cc(73)] ReadMemory at 0x1eaa65302e0 of 72 bytes failed: Only part of a ReadProcessMemory or WriteProcessMemory request was completed. (0x12B)
[0817/171224.923:WARNING:pe_image_annotations_reader.cc(134)] could not read annotations list object in C:\Program Files (x86)\Google\Chrome\Application\84.0.4147.125\chrome_elf.dll
[0817/171224.923:ERROR:process_memory_win.cc(73)] ReadMemory at 0x1eaa6577ec0 of 72 bytes failed: Only part of a ReadProcessMemory or WriteProcessMemory request was completed. (0x12B)
[0817/171224.923:WARNING:pe_image_annotations_reader.cc(134)] could not read annotations list object in C:\Program Files (x86)\Google\Chrome\Application\84.0.4147.125\chrome.dll
[0817/171224.966:ERROR:process_memory_win.cc(73)] ReadMemory at 0x23185ee000 of 73728 bytes failed: Only part of a ReadProcessMemory or WriteProcessMemory request was completed. (0x12B)
[0817/171224.966:ERROR:process_memory_win.cc(73)] ReadMemory at 0x2318dfd000 of 12288 bytes failed: Only part of a ReadProcessMemory or WriteProcessMemory request was completed. (0x12B)
[0817/171224.966:ERROR:process_memory_win.cc(73)] ReadMemory at 0x2319dfc000 of 16384 bytes failed: Only part of a ReadProcessMemory or WriteProcessMemory request was completed. (0x12B)
[0817/171224.966:ERROR:process_memory_win.cc(73)] ReadMemory at 0x231a5fc000 of 16384 bytes failed: Only part of a ReadProcessMemory or WriteProcessMemory request was completed. (0x12B)
[0817/171224.966:ERROR:process_memory_win.cc(73)] ReadMemory at 0x231adff000 of 4096 bytes failed: Only part of a ReadProcessMemory or WriteProcessMemory request was completed. (0x12B)
[0817/171224.966:ERROR:process_memory_win.cc(73)] ReadMemory at 0x231b5fd000 of 12288 bytes failed: Only part of a ReadProcessMemory or WriteProcessMemory request was completed. (0x12B)
[0817/171224.967:ERROR:process_memory_win.cc(73)] ReadMemory at 0x231bdfb000 of 20480 bytes failed: Only part of a ReadProcessMemory or WriteProcessMemory request was completed. (0x12B)
[0817/171224.967:ERROR:process_memory_win.cc(73)] ReadMemory at 0x231c5fb000 of 20480 bytes failed: Only part of a ReadProcessMemory or WriteProcessMemory request was completed. (0x12B)
[0817/171224.967:ERROR:process_memory_win.cc(73)] ReadMemory at 0x231cdfa000 of 24576 bytes failed: Only part of a ReadProcessMemory or WriteProcessMemory request was completed. (0x12B)
[0817/171224.967:ERROR:process_memory_win.cc(73)] ReadMemory at 0x231d5f9000 of 28672 bytes failed: Only part of a ReadProcessMemory or WriteProcessMemory request was completed. (0x12B)
[0817/171224.967:ERROR:process_memory_win.cc(73)] ReadMemory at 0x231ddfd000 of 12288 bytes failed: Only part of a ReadProcessMemory or WriteProcessMemory request was completed. (0x12B)
[0817/171224.967:ERROR:process_memory_win.cc(73)] ReadMemory at 0x231f5fc000 of 16384 bytes failed: Only part of a ReadProcessMemory or WriteProcessMemory request was completed. (0x12B)
[0817/171224.967:ERROR:process_memory_win.cc(73)] ReadMemory at 0x23205fc000 of 16384 bytes failed: Only part of a ReadProcessMemory or WriteProcessMemory request was completed. (0x12B)
[0817/171224.967:ERROR:process_memory_win.cc(73)] ReadMemory at 0x23195fd000 of 12288 bytes failed: Only part of a ReadProcessMemory or WriteProcessMemory request was completed. (0x12B)
[0817/171224.967:ERROR:process_memory_win.cc(73)] ReadMemory at 0x2320df6000 of 40960 bytes failed: Only part of a ReadProcessMemory or WriteProcessMemory request was completed. (0x12B)
[0817/171224.967:ERROR:process_memory_win.cc(73)] ReadMemory at 0x231e5f6000 of 40960 bytes failed: Only part of a ReadProcessMemory or WriteProcessMemory request was completed. (0x12B)
[0817/171224.967:ERROR:process_memory_win.cc(73)] ReadMemory at 0x231edfc000 of 16384 bytes failed: Only part of a ReadProcessMemory or WriteProcessMemory request was completed. (0x12B)
[0817/171224.968:ERROR:process_memory_win.cc(73)] ReadMemory at 0x231fdfd000 of 12288 bytes failed: Only part of a ReadProcessMemory or WriteProcessMemory request was completed. (0x12B)
[0817/171224.968:ERROR:process_memory_win.cc(73)] ReadMemory at 0x23215f7000 of 36864 bytes failed: Only part of a ReadProcessMemory or WriteProcessMemory request was completed. (0x12B)
[0817/171224.968:ERROR:process_memory_win.cc(73)] ReadMemory at 0x2321dfd000 of 12288 bytes failed: Only part of a ReadProcessMemory or WriteProcessMemory request was completed. (0x12B)
[0817/171224.968:ERROR:process_memory_win.cc(73)] ReadMemory at 0x23225fe000 of 8192 bytes failed: Only part of a ReadProcessMemory or WriteProcessMemory request was completed. (0x12B)
[0817/171224.968:ERROR:process_memory_win.cc(73)] ReadMemory at 0x2317c00000 of 6024 bytes failed: Only part of a ReadProcessMemory or WriteProcessMemory request was completed. (0x12B)
[0817/171224.968:ERROR:process_memory_win.cc(73)] ReadMemory at 0x2317c02000 of 6024 bytes failed: Only part of a ReadProcessMemory or WriteProcessMemory request was completed. (0x12B)
[0817/171224.968:ERROR:process_memory_win.cc(73)] ReadMemory at 0x2317c04000 of 6024 bytes failed: Only part of a ReadProcessMemory or WriteProcessMemory request was completed. (0x12B)
[0817/171224.968:ERROR:process_memory_win.cc(73)] ReadMemory at 0x2317c06000 of 6024 bytes failed: Only part of a ReadProcessMemory or WriteProcessMemory request was completed. (0x12B)
[0817/171224.968:ERROR:process_memory_win.cc(73)] ReadMemory at 0x2317c0e000 of 6024 bytes failed: Only part of a ReadProcessMemory or WriteProcessMemory request was completed. (0x12B)
[0817/171224.968:ERROR:process_memory_win.cc(73)] ReadMemory at 0x2317c12000 of 6024 bytes failed: Only part of a ReadProcessMemory or WriteProcessMemory request was completed. (0x12B)
[0817/171224.968:ERROR:process_memory_win.cc(73)] ReadMemory at 0x2317c18000 of 6024 bytes failed: Only part of a ReadProcessMemory or WriteProcessMemory request was completed. (0x12B)
[0817/171224.968:ERROR:process_memory_win.cc(73)] ReadMemory at 0x2317c8c000 of 6024 bytes failed: Only part of a ReadProcessMemory or WriteProcessMemory request was completed. (0x12B)
[0817/171224.969:ERROR:process_memory_win.cc(73)] ReadMemory at 0x2317c98000 of 6024 bytes failed: Only part of a ReadProcessMemory or WriteProcessMemory request was completed. (0x12B)
[0817/171224.969:ERROR:process_memory_win.cc(73)] ReadMemory at 0x2317ca4000 of 6024 bytes failed: Only part of a ReadProcessMemory or WriteProcessMemory request was completed. (0x12B)
[0817/171224.969:ERROR:process_memory_win.cc(73)] ReadMemory at 0x2317cae000 of 6024 bytes failed: Only part of a ReadProcessMemory or WriteProcessMemory request was completed. (0x12B)
[0817/171224.969:ERROR:process_memory_win.cc(73)] ReadMemory at 0x2317cb0000 of 6024 bytes failed: Only part of a ReadProcessMemory or WriteProcessMemory request was completed. (0x12B)
[0817/171224.969:ERROR:process_memory_win.cc(73)] ReadMemory at 0x2317cb2000 of 6024 bytes failed: Only part of a ReadProcessMemory or WriteProcessMemory request was completed. (0x12B)
[0817/171224.969:ERROR:process_memory_win.cc(73)] ReadMemory at 0x2317cb4000 of 6024 bytes failed: Only part of a ReadProcessMemory or WriteProcessMemory request was completed. (0x12B)
[0817/171224.969:ERROR:process_memory_win.cc(73)] ReadMemory at 0x2317dee000 of 852 bytes failed: Only part of a ReadProcessMemory or WriteProcessMemory request was completed. (0x12B)
[0817/171224.969:ERROR:process_memory_win.cc(73)] ReadMemory at 0x2317def000 of 6024 bytes failed: Only part of a ReadProcessMemory or WriteProcessMemory request was completed. (0x12B)
[0817/171224.969:ERROR:process_memory_win.cc(73)] ReadMemory at 0x2317df1000 of 6024 bytes failed: Only part of a ReadProcessMemory or WriteProcessMemory request was completed. (0x12B)
[0817/171224.970:ERROR:process_memory_win.cc(73)] ReadMemory at 0x2317df5000 of 6024 bytes failed: Only part of a ReadProcessMemory or WriteProcessMemory request was completed. (0x12B)
[0817/171224.970:ERROR:process_memory_win.cc(73)] ReadMemory at 0x2317df7000 of 6024 bytes failed: Only part of a ReadProcessMemory or WriteProcessMemory request was completed. (0x12B)
[0817/171224.970:ERROR:process_memory_win.cc(73)] ReadMemory at 0x2317df9000 of 6024 bytes failed: Only part of a ReadProcessMemory or WriteProcessMemory request was completed. (0x12B)
[0817/171224.970:ERROR:process_memory_win.cc(73)] ReadMemory at 0x2317dfb000 of 6024 bytes failed: Only part of a ReadProcessMemory or WriteProcessMemory request was completed. (0x12B)
[0817/171224.970:ERROR:process_memory_win.cc(73)] ReadMemory at 0x2317dfd000 of 6024 bytes failed: Only part of a ReadProcessMemory or WriteProcessMemory request was completed. (0x12B)
[0817/171224.970:ERROR:process_memory_win.cc(73)] ReadMemory at 0x1eaa63b1fc0 of 512 bytes failed: Only part of a ReadProcessMemory or WriteProcessMemory request was completed. (0x12B)
[0817/171225.084:ERROR:process_memory_win.cc(73)] ReadMemory at 0x1eaa6520fe0 of 18492 bytes failed: Only part of a ReadProcessMemory or WriteProcessMemory request was completed. (0x12B)
[0817/171225.084:ERROR:process_memory_win.cc(73)] ReadMemory at 0x1eaa6525830 of 1012 bytes failed: Only part of a ReadProcessMemory or WriteProcessMemory request was completed. (0x12B)
[0817/171225.084:ERROR:process_memory_win.cc(73)] ReadMemory at 0x1eaa6525e78 of 118 bytes failed: Only part of a ReadProcessMemory or WriteProcessMemory request was completed. (0x12B)
[0817/171225.085:ERROR:process_memory_win.cc(73)] ReadMemory at 0x1eaa6525ef0 of 756 bytes failed: Only part of a ReadProcessMemory or WriteProcessMemory request was completed. (0x12B)
[0817/171225.085:ERROR:process_memory_win.cc(73)] ReadMemory at 0x1eaa65261e6 of 118 bytes failed: Only part of a ReadProcessMemory or WriteProcessMemory request was completed. (0x12B)
[0817/171225.085:ERROR:process_memory_win.cc(73)] ReadMemory at 0x1eaa652625e of 100 bytes failed: Only part of a ReadProcessMemory or WriteProcessMemory request was completed. (0x12B)
[0817/171225.085:ERROR:process_memory_win.cc(73)] ReadMemory at 0x1eaa65262d0 of 58 bytes failed: Only part of a ReadProcessMemory or WriteProcessMemory request was completed. (0x12B)
[0817/171225.085:ERROR:process_memory_win.cc(73)] ReadMemory at 0x1eaa65263d0 of 132 bytes failed: Only part of a ReadProcessMemory or WriteProcessMemory request was completed. (0x12B)
[0817/171225.086:ERROR:process_memory_win.cc(73)] ReadMemory at 0x1eaa6526560 of 132 bytes failed: Only part of a ReadProcessMemory or WriteProcessMemory request was completed. (0x12B)
[0817/171225.086:ERROR:process_memory_win.cc(73)] ReadMemory at 0x1eaa6526720 of 126 bytes failed: Only part of a ReadProcessMemory or WriteProcessMemory request was completed. (0x12B)
[0817/171225.086:ERROR:process_memory_win.cc(73)] ReadMemory at 0x1eaa6526b00 of 132 bytes failed: Only part of a ReadProcessMemory or WriteProcessMemory request was completed. (0x12B)
[0817/171225.086:ERROR:process_memory_win.cc(73)] ReadMemory at 0x1eaa6526c90 of 64 bytes failed: Only part of a ReadProcessMemory or WriteProcessMemory request was completed. (0x12B)
[0817/171225.086:ERROR:process_memory_win.cc(73)] ReadMemory at 0x1eaa6526e50 of 132 bytes failed: Only part of a ReadProcessMemory or WriteProcessMemory request was completed. (0x12B)
[0817/171225.087:ERROR:process_memory_win.cc(73)] ReadMemory at 0x1eaa65270f0 of 132 bytes failed: Only part of a ReadProcessMemory or WriteProcessMemory request was completed. (0x12B)
[0817/171225.087:ERROR:process_memory_win.cc(73)] ReadMemory at 0x1eaa6527280 of 68 bytes failed: Only part of a ReadProcessMemory or WriteProcessMemory request was completed. (0x12B)
[0817/171225.104:ERROR:process_memory_win.cc(73)] ReadMemory at 0x1eaa6528350 of 132 bytes failed: Only part of a ReadProcessMemory or WriteProcessMemory request was completed. (0x12B)
[0817/171225.105:ERROR:process_memory_win.cc(73)] ReadMemory at 0x1eaa65284e0 of 154 bytes failed: Only part of a ReadProcessMemory or WriteProcessMemory request was completed. (0x12B)
[0817/171225.105:ERROR:process_memory_win.cc(73)] ReadMemory at 0x1eaa652a790 of 62 bytes failed: Only part of a ReadProcessMemory or WriteProcessMemory request was completed. (0x12B)
[0817/171225.105:ERROR:process_memory_win.cc(73)] ReadMemory at 0x1eaa652a8f0 of 132 bytes failed: Only part of a ReadProcessMemory or WriteProcessMemory request was completed. (0x12B)
[0817/171225.105:ERROR:process_memory_win.cc(73)] ReadMemory at 0x1eaa652aa80 of 60 bytes failed: Only part of a ReadProcessMemory or WriteProcessMemory request was completed. (0x12B)
[0817/171225.106:ERROR:process_memory_win.cc(73)] ReadMemory at 0x1eaa6538860 of 54 bytes failed: Only part of a ReadProcessMemory or WriteProcessMemory request was completed. (0x12B)
[0817/171225.106:ERROR:process_memory_win.cc(73)] ReadMemory at 0x1eaa653b8a0 of 80 bytes failed: Only part of a ReadProcessMemory or WriteProcessMemory request was completed. (0x12B)
[0817/171225.106:ERROR:process_memory_win.cc(73)] ReadMemory at 0x1eaa653d9a0 of 146 bytes failed: Only part of a ReadProcessMemory or WriteProcessMemory request was completed. (0x12B)
[0817/171225.106:ERROR:process_memory_win.cc(73)] ReadMemory at 0x1eaa653da80 of 132 bytes failed: Only part of a ReadProcessMemory or WriteProcessMemory request was completed. (0x12B)
[0817/171225.106:ERROR:process_memory_win.cc(73)] ReadMemory at 0x1eaa653e570 of 132 bytes failed: Only part of a ReadProcessMemory or WriteProcessMemory request was completed. (0x12B)
[0817/171225.106:ERROR:process_memory_win.cc(73)] ReadMemory at 0x1eaa653e810 of 132 bytes failed: Only part of a ReadProcessMemory or WriteProcessMemory request was completed. (0x12B)
[0817/171225.107:ERROR:process_memory_win.cc(73)] ReadMemory at 0x1eaa653f170 of 80 bytes failed: Only part of a ReadProcessMemory or WriteProcessMemory request was completed. (0x12B)
[0817/171225.107:ERROR:process_memory_win.cc(73)] ReadMemory at 0x1eaa653f830 of 76 bytes failed: Only part of a ReadProcessMemory or WriteProcessMemory request was completed. (0x12B)
[0817/171225.107:ERROR:process_memory_win.cc(73)] ReadMemory at 0x1eaa6542220 of 64 bytes failed: Only part of a ReadProcessMemory or WriteProcessMemory request was completed. (0x12B)
[0817/171225.107:ERROR:process_memory_win.cc(73)] ReadMemory at 0x1eaa6542400 of 66 bytes failed: Only part of a ReadProcessMemory or WriteProcessMemory request was completed. (0x12B)
[0817/171225.107:ERROR:process_memory_win.cc(73)] ReadMemory at 0x1eaa6542630 of 62 bytes failed: Only part of a ReadProcessMemory or WriteProcessMemory request was completed. (0x12B)
[0817/171225.139:ERROR:process_memory_win.cc(73)] ReadMemory at 0x1eaa65429f0 of 60 bytes failed: Only part of a ReadProcessMemory or WriteProcessMemory request was completed. (0x12B)
[0817/171225.139:ERROR:process_memory_win.cc(73)] ReadMemory at 0x1eaa6542a40 of 64 bytes failed: Only part of a ReadProcessMemory or WriteProcessMemory request was completed. (0x12B)
[0817/171225.139:ERROR:process_memory_win.cc(73)] ReadMemory at 0x1eaa6542ae0 of 64 bytes failed: Only part of a ReadProcessMemory or WriteProcessMemory request was completed. (0x12B)
[0817/171225.139:ERROR:process_memory_win.cc(73)] ReadMemory at 0x1eaa6542b80 of 60 bytes failed: Only part of a ReadProcessMemory or WriteProcessMemory request was completed. (0x12B)
[0817/171225.139:ERROR:process_memory_win.cc(73)] ReadMemory at 0x1eaa6542d60 of 64 bytes failed: Only part of a ReadProcessMemory or WriteProcessMemory request was completed. (0x12B)
[0817/171225.140:ERROR:process_memory_win.cc(73)] ReadMemory at 0x1eaa6542db0 of 60 bytes failed: Only part of a ReadProcessMemory or WriteProcessMemory request was completed. (0x12B)
[0817/171225.140:ERROR:process_memory_win.cc(73)] ReadMemory at 0x1eaa6542e00 of 62 bytes failed: Only part of a ReadProcessMemory or WriteProcessMemory request was completed. (0x12B)
[0817/171225.140:ERROR:process_memory_win.cc(73)] ReadMemory at 0x1eaa6542e50 of 64 bytes failed: Only part of a ReadProcessMemory or WriteProcessMemory request was completed. (0x12B)
[0817/171225.140:ERROR:process_memory_win.cc(73)] ReadMemory at 0x1eaa6542ef0 of 62 bytes failed: Only part of a ReadProcessMemory or WriteProcessMemory request was completed. (0x12B)
[0817/171225.141:ERROR:process_memory_win.cc(73)] ReadMemory at 0x1eaa6543080 of 58 bytes failed: Only part of a ReadProcessMemory or WriteProcessMemory request was completed. (0x12B)
[0817/171225.141:ERROR:process_memory_win.cc(73)] ReadMemory at 0x1eaa6546120 of 132 bytes failed: Only part of a ReadProcessMemory or WriteProcessMemory request was completed. (0x12B)
[0817/171225.141:ERROR:process_memory_win.cc(73)] ReadMemory at 0x1eaa65474a0 of 132 bytes failed: Only part of a ReadProcessMemory or WriteProcessMemory request was completed. (0x12B)
[0817/171225.141:ERROR:process_memory_win.cc(73)] ReadMemory at 0x1eaa65489b0 of 132 bytes failed: Only part of a ReadProcessMemory or WriteProcessMemory request was completed. (0x12B)
[0817/171225.141:ERROR:process_memory_win.cc(73)] ReadMemory at 0x1eaa6549b10 of 132 bytes failed: Only part of a ReadProcessMemory or WriteProcessMemory request was completed. (0x12B)
[0817/171225.142:ERROR:process_memory_win.cc(73)] ReadMemory at 0x1eaa6549d20 of 132 bytes failed: Only part of a ReadProcessMemory or WriteProcessMemory request was completed. (0x12B)
[0817/171225.165:ERROR:process_memory_win.cc(73)] ReadMemory at 0x1eaa654a050 of 132 bytes failed: Only part of a ReadProcessMemory or WriteProcessMemory request was completed. (0x12B)
[0817/171225.165:ERROR:process_memory_win.cc(73)] ReadMemory at 0x1eaa654a180 of 132 bytes failed: Only part of a ReadProcessMemory or WriteProcessMemory request was completed. (0x12B)
[0817/171225.165:ERROR:process_memory_win.cc(73)] ReadMemory at 0x1eaa654a2b0 of 132 bytes failed: Only part of a ReadProcessMemory or WriteProcessMemory request was completed. (0x12B)
[0817/171225.166:ERROR:process_memory_win.cc(73)] ReadMemory at 0x1eaa654a3e0 of 132 bytes failed: Only part of a ReadProcessMemory or WriteProcessMemory request was completed. (0x12B)
[0817/171225.166:ERROR:process_memory_win.cc(73)] ReadMemory at 0x1eaa654a510 of 132 bytes failed: Only part of a ReadProcessMemory or WriteProcessMemory request was completed. (0x12B)
[0817/171225.166:ERROR:process_memory_win.cc(73)] ReadMemory at 0x1eaa654a770 of 132 bytes failed: Only part of a ReadProcessMemory or WriteProcessMemory request was completed. (0x12B)
[0817/171225.166:ERROR:process_memory_win.cc(73)] ReadMemory at 0x1eaa654a8a0 of 132 bytes failed: Only part of a ReadProcessMemory or WriteProcessMemory request was completed. (0x12B)
[0817/171225.166:ERROR:process_memory_win.cc(73)] ReadMemory at 0x1eaa654a9d0 of 132 bytes failed: Only part of a ReadProcessMemory or WriteProcessMemory request was completed. (0x12B)
[0817/171225.166:ERROR:process_memory_win.cc(73)] ReadMemory at 0x1eaa654ab00 of 132 bytes failed: Only part of a ReadProcessMemory or WriteProcessMemory request was completed. (0x12B)
[0817/171225.181:ERROR:process_memory_win.cc(73)] ReadMemory at 0x1eaa654ac30 of 132 bytes failed: Only part of a ReadProcessMemory or WriteProcessMemory request was completed. (0x12B)
[0817/171225.181:ERROR:process_memory_win.cc(73)] ReadMemory at 0x1eaa654ad60 of 132 bytes failed: Only part of a ReadProcessMemory or WriteProcessMemory request was completed. (0x12B)
[0817/171225.181:ERROR:process_memory_win.cc(73)] ReadMemory at 0x1eaa654ae90 of 132 bytes failed: Only part of a ReadProcessMemory or WriteProcessMemory request was completed. (0x12B)
[0817/171225.182:ERROR:process_memory_win.cc(73)] ReadMemory at 0x1eaa654d9a0 of 132 bytes failed: Only part of a ReadProcessMemory or WriteProcessMemory request was completed. (0x12B)
[0817/171225.182:ERROR:process_memory_win.cc(73)] ReadMemory at 0x1eaa654dbc0 of 132 bytes failed: Only part of a ReadProcessMemory or WriteProcessMemory request was completed. (0x12B)
[0817/171225.182:ERROR:process_memory_win.cc(73)] ReadMemory at 0x1eaa654e300 of 132 bytes failed: Only part of a ReadProcessMemory or WriteProcessMemory request was completed. (0x12B)
[0817/171225.182:ERROR:process_memory_win.cc(73)] ReadMemory at 0x1eaa654e430 of 132 bytes failed: Only part of a ReadProcessMemory or WriteProcessMemory request was completed. (0x12B)
[0817/171225.182:ERROR:process_memory_win.cc(73)] ReadMemory at 0x1eaa654e7c0 of 132 bytes failed: Only part of a ReadProcessMemory or WriteProcessMemory request was completed. (0x12B)
[0817/171225.183:ERROR:process_memory_win.cc(73)] ReadMemory at 0x1eaa654ec80 of 132 bytes failed: Only part of a ReadProcessMemory or WriteProcessMemory request was completed. (0x12B)
[0817/171225.183:ERROR:process_memory_win.cc(73)] ReadMemory at 0x1eaa654f270 of 132 bytes failed: Only part of a ReadProcessMemory or WriteProcessMemory request was completed. (0x12B)
[0817/171225.183:ERROR:process_memory_win.cc(73)] ReadMemory at 0x1eaa654f4d0 of 132 bytes failed: Only part of a ReadProcessMemory or WriteProcessMemory request was completed. (0x12B)
[0817/171225.183:ERROR:process_memory_win.cc(73)] ReadMemory at 0x1eaa654f730 of 132 bytes failed: Only part of a ReadProcessMemory or WriteProcessMemory request was completed. (0x12B)
[0817/171225.183:ERROR:process_memory_win.cc(73)] ReadMemory at 0x1eaa654f860 of 132 bytes failed: Only part of a ReadProcessMemory or WriteProcessMemory request was completed. (0x12B)
[0817/171225.184:ERROR:process_memory_win.cc(73)] ReadMemory at 0x1eaa654fac0 of 132 bytes failed: Only part of a ReadProcessMemory or WriteProcessMemory request was completed. (0x12B)
[0817/171225.184:ERROR:process_memory_win.cc(73)] ReadMemory at 0x1eaa654fbf0 of 132 bytes failed: Only part of a ReadProcessMemory or WriteProcessMemory request was completed. (0x12B)
[0817/171225.184:ERROR:process_memory_win.cc(73)] ReadMemory at 0x1eaa65501b0 of 62 bytes failed: Only part of a ReadProcessMemory or WriteProcessMemory request was completed. (0x12B)
[0817/171225.184:ERROR:process_memory_win.cc(73)] ReadMemory at 0x1eaa6550200 of 62 bytes failed: Only part of a ReadProcessMemory or WriteProcessMemory request was completed. (0x12B)
[0817/171225.184:ERROR:process_memory_win.cc(73)] ReadMemory at 0x1eaa6550250 of 60 bytes failed: Only part of a ReadProcessMemory or WriteProcessMemory request was completed. (0x12B)
[0817/171225.185:ERROR:process_memory_win.cc(73)] ReadMemory at 0x1eaa65502a0 of 64 bytes failed: Only part of a ReadProcessMemory or WriteProcessMemory request was completed. (0x12B)
[0817/171225.203:ERROR:process_memory_win.cc(73)] ReadMemory at 0x1eaa65502f0 of 62 bytes failed: Only part of a ReadProcessMemory or WriteProcessMemory request was completed. (0x12B)
[0817/171225.204:ERROR:process_memory_win.cc(73)] ReadMemory at 0x1eaa6550340 of 64 bytes failed: Only part of a ReadProcessMemory or WriteProcessMemory request was completed. (0x12B)
[0817/171225.204:ERROR:process_memory_win.cc(73)] ReadMemory at 0x1eaa65503e0 of 64 bytes failed: Only part of a ReadProcessMemory or WriteProcessMemory request was completed. (0x12B)
[0817/171225.204:ERROR:process_memory_win.cc(73)] ReadMemory at 0x1eaa6550430 of 62 bytes failed: Only part of a ReadProcessMemory or WriteProcessMemory request was completed. (0x12B)
[0817/171225.204:ERROR:process_memory_win.cc(73)] ReadMemory at 0x1eaa65505c0 of 62 bytes failed: Only part of a ReadProcessMemory or WriteProcessMemory request was completed. (0x12B)
[0817/171225.204:ERROR:process_memory_win.cc(73)] ReadMemory at 0x1eaa6550660 of 62 bytes failed: Only part of a ReadProcessMemory or WriteProcessMemory request was completed. (0x12B)
[0817/171225.205:ERROR:process_memory_win.cc(73)] ReadMemory at 0x1eaa65507f0 of 60 bytes failed: Only part of a ReadProcessMemory or WriteProcessMemory request was completed. (0x12B)
[0817/171225.205:ERROR:process_memory_win.cc(73)] ReadMemory at 0x1eaa65508e0 of 62 bytes failed: Only part of a ReadProcessMemory or WriteProcessMemory request was completed. (0x12B)
[0817/171225.205:ERROR:process_memory_win.cc(73)] ReadMemory at 0x1eaa6550cf0 of 60 bytes failed: Only part of a ReadProcessMemory or WriteProcessMemory request was completed. (0x12B)
[0817/171225.205:ERROR:process_memory_win.cc(73)] ReadMemory at 0x1eaa6550d90 of 66 bytes failed: Only part of a ReadProcessMemory or WriteProcessMemory request was completed. (0x12B)
[0817/171225.205:ERROR:process_memory_win.cc(73)] ReadMemory at 0x1eaa6554e88 of 512 bytes failed: Only part of a ReadProcessMemory or WriteProcessMemory request was completed. (0x12B)
[0817/171225.206:ERROR:process_memory_win.cc(73)] ReadMemory at 0x1eaa655ac00 of 512 bytes failed: Only part of a ReadProcessMemory or WriteProcessMemory request was completed. (0x12B)
[0817/171225.206:ERROR:process_memory_win.cc(73)] ReadMemory at 0x1eaa65b1ec0 of 512 bytes failed: Only part of a ReadProcessMemory or WriteProcessMemory request was completed. (0x12B)
[0817/171225.206:ERROR:process_memory_win.cc(73)] ReadMemory at 0x1eaa65d8910 of 512 bytes failed: Only part of a ReadProcessMemory or WriteProcessMemory request was completed. (0x12B)
[0817/171225.206:ERROR:process_memory_win.cc(73)] ReadMemory at 0x1eaa65dbad0 of 512 bytes failed: Only part of a ReadProcessMemory or WriteProcessMemory request was completed. (0x12B)
[0817/171225.206:ERROR:process_memory_win.cc(73)] ReadMemory at 0x1eaa65e7d00 of 712 bytes failed: Only part of a ReadProcessMemory or WriteProcessMemory request was completed. (0x12B)
[0817/171225.207:ERROR:process_memory_win.cc(73)] ReadMemory at 0x1eaa65f83a0 of 512 bytes failed: Only part of a ReadProcessMemory or WriteProcessMemory request was completed. (0x12B)
[0817/171225.207:ERROR:process_memory_win.cc(73)] ReadMemory at 0x1eaa7dc3870 of 512 bytes failed: Only part of a ReadProcessMemory or WriteProcessMemory request was completed. (0x12B)
[0817/171225.207:ERROR:process_memory_win.cc(73)] ReadMemory at 0x1eaa88a0720 of 512 bytes failed: Only part of a ReadProcessMemory or WriteProcessMemory request was completed. (0x12B)
[0817/171225.207:ERROR:process_memory_win.cc(73)] ReadMemory at 0x1eaa9a69480 of 512 bytes failed: Only part of a ReadProcessMemory or WriteProcessMemory request was completed. (0x12B)
[0817/171225.208:ERROR:process_memory_win.cc(73)] ReadMemory at 0x1eaa9bc99e0 of 512 bytes failed: Only part of a ReadProcessMemory or WriteProcessMemory request was completed. (0x12B)
[0817/171225.208:ERROR:process_memory_win.cc(73)] ReadMemory at 0x1eaaa158570 of 512 bytes failed: Only part of a ReadProcessMemory or WriteProcessMemory request was completed. (0x12B)
[0817/171225.208:ERROR:process_memory_win.cc(73)] ReadMemory at 0x1eabbddf960 of 512 bytes failed: Only part of a ReadProcessMemory or WriteProcessMemory request was completed. (0x12B)
[0817/171225.208:ERROR:process_memory_win.cc(73)] ReadMemory at 0x1eabc133c10 of 512 bytes failed: Only part of a ReadProcessMemory or WriteProcessMemory request was completed. (0x12B)
[0817/171225.209:ERROR:process_memory_win.cc(73)] ReadMemory at 0x1eabc417120 of 512 bytes failed: Only part of a ReadProcessMemory or WriteProcessMemory request was completed. (0x12B)
[0817/171225.209:ERROR:process_memory_win.cc(73)] ReadMemory at 0x110393d22500 of 512 bytes failed: Only part of a ReadProcessMemory or WriteProcessMemory request was completed. (0x12B)
[0817/171225.209:ERROR:process_memory_win.cc(73)] ReadMemory at 0x443a00000000 of 384 bytes failed: Only part of a ReadProcessMemory or WriteProcessMemory request was completed. (0x12B)
[0817/171225.209:ERROR:process_memory_win.cc(73)] ReadMemory at 0x443a0804028d of 512 bytes failed: Only part of a ReadProcessMemory or WriteProcessMemory request was completed. (0x12B)
[0817/171225.209:ERROR:process_memory_win.cc(73)] ReadMemory at 0x443a083d1219 of 1020 bytes failed: Only part of a ReadProcessMemory or WriteProcessMemory request was completed. (0x12B)
[0817/171225.210:ERROR:process_memory_win.cc(73)] ReadMemory at 0x443a0928932d of 512 bytes failed: Only part of a ReadProcessMemory or WriteProcessMemory request was completed. (0x12B)
[0817/171225.210:ERROR:process_memory_win.cc(73)] ReadMemory at 0x443a0928fdf1 of 512 bytes failed: Only part of a ReadProcessMemory or WriteProcessMemory request was completed. (0x12B)
[0817/171225.210:ERROR:process_memory_win.cc(73)] ReadMemory at 0x5de695881dc8 of 512 bytes failed: Only part of a ReadProcessMemory or WriteProcessMemory request was completed. (0x12B)
[0817/171225.210:ERROR:process_memory_win.cc(73)] ReadMemory at 0x7ff9fab38a6c of 512 bytes failed: Only part of a ReadProcessMemory or WriteProcessMemory request was completed. (0x12B)
[0817/171225.211:ERROR:process_memory_win.cc(73)] ReadMemory at 0x7ff9fb1f0180 of 512 bytes failed: Only part of a ReadProcessMemory or WriteProcessMemory request was completed. (0x12B)
[0817/171225.211:ERROR:process_memory_win.cc(73)] ReadMemory at 0x7ff9fb1f149a of 512 bytes failed: Only part of a ReadProcessMemory or WriteProcessMemory request was completed. (0x12B)
[0817/171225.244:ERROR:process_memory_win.cc(73)] ReadMemory at 0x7ff9fb70979c of 512 bytes failed: Only part of a ReadProcessMemory or WriteProcessMemory request was completed. (0x12B)
[0817/171225.244:ERROR:process_memory_win.cc(73)] ReadMemory at 0x7ffa2f7a79b3 of 512 bytes failed: Only part of a ReadProcessMemory or WriteProcessMemory request was completed. (0x12B)
[0817/171225.244:ERROR:process_memory_win.cc(73)] ReadMemory at 0x7ffa2f7a81a0 of 512 bytes failed: Only part of a ReadProcessMemory or WriteProcessMemory request was completed. (0x12B)
[0817/171225.245:ERROR:process_memory_win.cc(73)] ReadMemory at 0x7ffa5acbc074 of 672 bytes failed: Only part of a ReadProcessMemory or WriteProcessMemory request was completed. (0x12B)
[0817/171225.245:ERROR:process_memory_win.cc(73)] ReadMemory at 0x7ffa5acbcb44 of 512 bytes failed: Only part of a ReadProcessMemory or WriteProcessMemory request was completed. (0x12B)
[0817/171225.245:ERROR:process_memory_win.cc(73)] ReadMemory at 0x7ffa5acbf924 of 608 bytes failed: Only part of a ReadProcessMemory or WriteProcessMemory request was completed. (0x12B)
[0817/171225.245:ERROR:process_memory_win.cc(73)] ReadMemory at 0x7ffa5ad4c428 of 18 bytes failed: Only part of a ReadProcessMemory or WriteProcessMemory request was completed. (0x12B)
[0817/171225.245:ERROR:process_memory_win.cc(73)] ReadMemory at 0x7ffa5ad7f4f8 of 40 bytes failed: Only part of a ReadProcessMemory or WriteProcessMemory request was completed. (0x12B)
[0817/171225.246:ERROR:process_memory_win.cc(73)] ReadMemory at 0x7ffa5ad7f978 of 48 bytes failed: Only part of a ReadProcessMemory or WriteProcessMemory request was completed. (0x12B)
[0817/171225.246:ERROR:process_memory_win.cc(73)] ReadMemory at 0x7ffa5ad853c0 of 64 bytes failed: Only part of a ReadProcessMemory or WriteProcessMemory request was completed. (0x12B)
[0817/171225.270:ERROR:scoped_process_suspend.cc(40)] NtResumeProcess: An attempt was made to access an exiting process. (0xc000010a)
[0817/182619.237:ERROR:process_reader_win.cc(123)] NtOpenThread: {Access Denied} A process has requested access to an object, but has not been granted those access rights. (0xc0000022)
[0817/182620.454:ERROR:exception_snapshot_win.cc(98)] thread ID 3460 not found in process
